BatteryMonitor/app/build/intermediates/manifest_merge_blame_file/debug/manifest-merger-blame-debug-report.txt
1<?xml version="1.0" encoding="utf-8"?>
2<manifest xmlns:android="http://schemas.android.com/apk/res/android"
3    package="com.batterymonitor.debug"
4    android:versionCode="1"
5    android:versionName="1.0" >
6
7    <uses-sdk
8        android:minSdkVersion="21"
9        android:targetSdkVersion="34" />
10
11    <uses-permission android:name="android.permission.FOREGROUND_SERVICE" />
11-->src/main/AndroidManifest.xml:5:5-77
11-->src/main/AndroidManifest.xml:5:22-74
12    <uses-permission android:name="android.permission.FOREGROUND_SERVICE_SPECIAL_USE" />
12-->src/main/AndroidManifest.xml:6:5-89
12-->src/main/AndroidManifest.xml:6:22-86
13    <uses-permission android:name="android.permission.RECEIVE_BOOT_COMPLETED" />
13-->src/main/AndroidManifest.xml:7:5-81
13-->src/main/AndroidManifest.xml:7:22-78
14    <uses-permission android:name="android.permission.POST_NOTIFICATIONS" />
14-->src/main/AndroidManifest.xml:8:5-77
14-->src/main/AndroidManifest.xml:8:22-74
15    <uses-permission android:name="android.permission.REQUEST_IGNORE_BATTERY_OPTIMIZATIONS" />
15-->src/main/AndroidManifest.xml:9:5-95
15-->src/main/AndroidManifest.xml:9:22-92
16
17    <permission
17-->[androidx.core:core:1.12.0] AndroidManifest.xml:22:5-24:47
18        android:name="com.batterymonitor.debug.DYNAMIC_RECEIVER_NOT_EXPORTED_PERMISSION"
18-->[androidx.core:core:1.12.0] AndroidManifest.xml:23:9-81
19        android:protectionLevel="signature" />
19-->[androidx.core:core:1.12.0] AndroidManifest.xml:24:9-44
20
21    <uses-permission android:name="com.batterymonitor.debug.DYNAMIC_RECEIVER_NOT_EXPORTED_PERMISSION" />
21-->[androidx.core:core:1.12.0] AndroidManifest.xml:26:5-97
21-->[androidx.core:core:1.12.0] AndroidManifest.xml:26:22-94
22
23    <application
23-->src/main/AndroidManifest.xml:11:5-46:19
24        android:allowBackup="true"
24-->src/main/AndroidManifest.xml:12:9-35
25        android:appComponentFactory="androidx.core.app.CoreComponentFactory"
25-->[androidx.core:core:1.12.0] AndroidManifest.xml:28:18-86
26        android:debuggable="true"
27        android:extractNativeLibs="true"
28        android:icon="@mipmap/ic_launcher"
28-->src/main/AndroidManifest.xml:13:9-43
29        android:label="@string/app_name"
29-->src/main/AndroidManifest.xml:14:9-41
30        android:roundIcon="@mipmap/ic_launcher"
30-->src/main/AndroidManifest.xml:15:9-48
31        android:supportsRtl="true"
31-->src/main/AndroidManifest.xml:16:9-35
32        android:theme="@style/AppTheme" >
32-->src/main/AndroidManifest.xml:17:9-40
33        <activity
33-->src/main/AndroidManifest.xml:19:9-26:20
34            android:name="com.batterymonitor.MainActivity"
34-->src/main/AndroidManifest.xml:20:13-41
35            android:exported="true" >
35-->src/main/AndroidManifest.xml:21:13-36
36            <intent-filter>
36-->src/main/AndroidManifest.xml:22:13-25:29
37                <action android:name="android.intent.action.MAIN" />
37-->src/main/AndroidManifest.xml:23:17-69
37-->src/main/AndroidManifest.xml:23:25-66
38
39                <category android:name="android.intent.category.LAUNCHER" />
39-->src/main/AndroidManifest.xml:24:17-77
39-->src/main/AndroidManifest.xml:24:27-74
40            </intent-filter>
41        </activity>
42
43        <service
43-->src/main/AndroidManifest.xml:28:9-35:19
44            android:name="com.batterymonitor.BatteryService"
44-->src/main/AndroidManifest.xml:29:13-43
45            android:exported="false"
45-->src/main/AndroidManifest.xml:30:13-37
46            android:foregroundServiceType="specialUse" >
46-->src/main/AndroidManifest.xml:31:13-55
47            <property
47-->src/main/AndroidManifest.xml:32:13-34:73
48                android:name="android.app.PROPERTY_SPECIAL_USE_FGS_SUBTYPE"
48-->src/main/AndroidManifest.xml:33:17-76
49                android:value="Battery monitoring foreground service" />
49-->src/main/AndroidManifest.xml:34:17-70
50        </service>
51
52        <receiver
52-->src/main/AndroidManifest.xml:37:9-44:20
53            android:name="com.batterymonitor.BootReceiver"
53-->src/main/AndroidManifest.xml:38:13-41
54            android:exported="true" >
54-->src/main/AndroidManifest.xml:39:13-36
55            <intent-filter android:priority="1000" >
55-->src/main/AndroidManifest.xml:40:13-43:29
55-->src/main/AndroidManifest.xml:40:28-51
56                <action android:name="android.intent.action.BOOT_COMPLETED" />
56-->src/main/AndroidManifest.xml:41:17-79
56-->src/main/AndroidManifest.xml:41:25-76
57                <action android:name="android.intent.action.QUICKBOOT_POWERON" />
57-->src/main/AndroidManifest.xml:42:17-82
57-->src/main/AndroidManifest.xml:42:25-79
58            </intent-filter>
59        </receiver>
60
61        <provider
61-->[androidx.emoji2:emoji2:1.2.0] AndroidManifest.xml:24:9-32:20
62            android:name="androidx.startup.InitializationProvider"
62-->[androidx.emoji2:emoji2:1.2.0] AndroidManifest.xml:25:13-67
63            android:authorities="com.batterymonitor.debug.androidx-startup"
63-->[androidx.emoji2:emoji2:1.2.0] AndroidManifest.xml:26:13-68
64            android:exported="false" >
64-->[androidx.emoji2:emoji2:1.2.0] AndroidManifest.xml:27:13-37
65            <meta-data
65-->[androidx.emoji2:emoji2:1.2.0] AndroidManifest.xml:29:13-31:52
66                android:name="androidx.emoji2.text.EmojiCompatInitializer"
66-->[androidx.emoji2:emoji2:1.2.0] AndroidManifest.xml:30:17-75
67                android:value="androidx.startup" />
67-->[androidx.emoji2:emoji2:1.2.0] AndroidManifest.xml:31:17-49
68            <meta-data
68-->[androidx.lifecycle:lifecycle-process:2.4.1] AndroidManifest.xml:31:13-33:52
69                android:name="androidx.lifecycle.ProcessLifecycleInitializer"
69-->[androidx.lifecycle:lifecycle-process:2.4.1] AndroidManifest.xml:32:17-78
70                android:value="androidx.startup" />
70-->[androidx.lifecycle:lifecycle-process:2.4.1] AndroidManifest.xml:33:17-49
71        </provider>
72    </application>
73
74</manifest>